C:\USERS\ATRAILLS\DOCUMENTS\VISUAL STUDIO 2012\PROJECTS\MC4\MC4\RELEASE\ABOUT.OBJ
C:\USERS\ATRAILLS\DOCUMENTS\VISUAL STUDIO 2012\PROJECTS\MC4\MC4\RELEASE\MC4.OBJ
C:\USERS\ATRAILLS\DOCUMENTS\VISUAL STUDIO 2012\PROJECTS\MC4\MC4\RELEASE\VC110.PDB
C:\USERS\ATRAILLS\DOCUMENTS\VISUAL STUDIO 2012\PROJECTS\MC4\RELEASE\MC4.EXE
C:\USERS\ATRAILLS\DOCUMENTS\VISUAL STUDIO 2012\PROJECTS\MC4\RELEASE\MC4.PDB
C:\USERS\ATRAILLS\DOCUMENTS\VISUAL STUDIO 2012\PROJECTS\MC4\MC4\RELEASE\MC4.RES
C:\Users\Atraills\documents\visual studio 2012\Projects\MC4\MC4\Release\MC4.vcxprojResolveAssemblyReference.cache
C:\Users\Atraills\documents\visual studio 2012\Projects\MC4\MC4\Release\about.obj
C:\Users\Atraills\documents\visual studio 2012\Projects\MC4\MC4\Release\MC4.obj
C:\Users\Atraills\documents\visual studio 2012\Projects\MC4\MC4\Release\stdafx.obj
C:\Users\Atraills\documents\visual studio 2012\Projects\MC4\MC4\Release\CL.10052.read.1.tlog
C:\Users\Atraills\documents\visual studio 2012\Projects\MC4\MC4\Release\CL.10052.write.1.tlog
C:\Users\Atraills\documents\visual studio 2012\Projects\MC4\MC4\Release\CL.8620.read.1.tlog
C:\Users\Atraills\documents\visual studio 2012\Projects\MC4\MC4\Release\CL.8620.write.1.tlog
C:\Users\Atraills\documents\visual studio 2012\Projects\MC4\MC4\Release\cl.command.1.tlog
C:\Users\Atraills\documents\visual studio 2012\Projects\MC4\MC4\Release\CL.read.1.tlog
C:\Users\Atraills\documents\visual studio 2012\Projects\MC4\MC4\Release\CL.read.12.tlog
C:\Users\Atraills\documents\visual studio 2012\Projects\MC4\MC4\Release\CL.write.1.tlog
C:\Users\Atraills\documents\visual studio 2012\Projects\MC4\MC4\Release\FXC.command.1.tlog
C:\Users\Atraills\documents\visual studio 2012\Projects\MC4\MC4\Release\fxc.read.1.tlog
C:\Users\Atraills\documents\visual studio 2012\Projects\MC4\MC4\Release\fxc.write.1.tlog
C:\Users\Atraills\documents\visual studio 2012\Projects\MC4\MC4\Release\link-cvtres.read.1.tlog
C:\Users\Atraills\documents\visual studio 2012\Projects\MC4\MC4\Release\link-cvtres.write.1.tlog
C:\Users\Atraills\documents\visual studio 2012\Projects\MC4\MC4\Release\link-rc.read.1.tlog
C:\Users\Atraills\documents\visual studio 2012\Projects\MC4\MC4\Release\link-rc.write.1.tlog
C:\Users\Atraills\documents\visual studio 2012\Projects\MC4\MC4\Release\link.command.1.tlog
C:\Users\Atraills\documents\visual studio 2012\Projects\MC4\MC4\Release\link.read.1.tlog
C:\Users\Atraills\documents\visual studio 2012\Projects\MC4\MC4\Release\link.read.2.tlog
C:\Users\Atraills\documents\visual studio 2012\Projects\MC4\MC4\Release\link.read.4.tlog
C:\Users\Atraills\documents\visual studio 2012\Projects\MC4\MC4\Release\link.write.1.tlog
C:\Users\Atraills\documents\visual studio 2012\Projects\MC4\MC4\Release\metagen.write.1.tlog
C:\Users\Atraills\documents\visual studio 2012\Projects\MC4\MC4\Release\NativeCodeAnalysis.read.1.tlog
C:\Users\Atraills\documents\visual studio 2012\Projects\MC4\MC4\Release\rc.command.1.tlog
C:\Users\Atraills\documents\visual studio 2012\Projects\MC4\MC4\Release\rc.read.1.tlog
C:\Users\Atraills\documents\visual studio 2012\Projects\MC4\MC4\Release\rc.write.1.tlog
C:\Users\Atraills\documents\visual studio 2012\Projects\MC4\MC4\Release\MC4.res
C:\Users\Atraills\documents\visual studio 2012\Projects\MC4\MC4\Release\vc110.pdb
C:\Users\Atraills\documents\visual studio 2012\Projects\MC4\MC4\Release\about.cpp.nativecodeanalysis.xml
C:\Users\Atraills\documents\visual studio 2012\Projects\MC4\MC4\Release\MC4.cpp.nativecodeanalysis.xml
C:\Users\Atraills\documents\visual studio 2012\Projects\MC4\MC4\Release\stdafx.cpp.nativecodeanalysis.xml
C:\Users\Atraills\documents\visual studio 2012\Projects\MC4\MC4\Release\vc.nativecodeanalysis.all.xml
C:\Users\Atraills\documents\visual studio 2012\Projects\MC4\Release\MC4.pdb
C:\Users\Atraills\documents\visual studio 2012\Projects\MC4\Release\MC4.exe
C:\Users\Atraills\documents\visual studio 2012\Projects\MC4\Release\MC4.exe.lastcodeanalysissucceeded
